2022-11-19 15:19:49,851 DEBUG i.n.u.i.PlatformDependent0 [main] java.nio.Bits.unaligned: available, true
2022-11-19 15:19:49,854 DEBUG i.n.u.i.PlatformDependent0 [main] jdk.internal.misc.Unsafe.allocateUninitializedArray(int): unavailable
java.lang.IllegalAccessException: class io.netty.util.internal.PlatformDependent0$7 cannot access class jdk.internal.misc.Unsafe (in module java.base) because module java.base does not export jdk.internal.misc to unnamed module @153f5a29
	at jdk.internal.reflect.Reflection.newIllegalAccessException(Reflection.java:394) ~[?:?]
	at java.lang.reflect.AccessibleObject.checkAccess(AccessibleObject.java:674) ~[?:?]
	at java.lang.reflect.Method.invoke(Method.java:568) ~[?:?]
	at io.netty.util.internal.PlatformDependent0$7.run(PlatformDependent0.java:409) ~[netty-common-4.1.78.Final.jar:4.1.78.Final]
	at java.security.AccessController.doPrivileged(AccessController.java:318) ~[?:?]
	at io.netty.util.internal.PlatformDependent0.<clinit>(PlatformDependent0.java:400) ~[netty-common-4.1.78.Final.jar:4.1.78.Final]
	at io.netty.util.internal.PlatformDependent.isAndroid(PlatformDependent.java:294) ~[netty-common-4.1.78.Final.jar:4.1.78.Final]
	at io.netty.util.internal.PlatformDependent.<clinit>(PlatformDependent.java:88) ~[netty-common-4.1.78.Final.jar:4.1.78.Final]
	at io.netty.util.HashedWheelTimer.<init>(HashedWheelTimer.java:114) ~[netty-common-4.1.78.Final.jar:4.1.78.Final]
	at io.netty.util.HashedWheelTimer.<init>(HashedWheelTimer.java:251) ~[netty-common-4.1.78.Final.jar:4.1.78.Final]
	at io.netty.util.HashedWheelTimer.<init>(HashedWheelTimer.java:224) ~[netty-common-4.1.78.Final.jar:4.1.78.Final]
	at io.netty.util.HashedWheelTimer.<init>(HashedWheelTimer.java:203) ~[netty-common-4.1.78.Final.jar:4.1.78.Final]
	at org.asynchttpclient.DefaultAsyncHttpClient.newNettyTimer(DefaultAsyncHttpClient.java:111) ~[async-http-client-2.12.3.jar:?]
	at org.asynchttpclient.DefaultAsyncHttpClient.<init>(DefaultAsyncHttpClient.java:90) ~[async-http-client-2.12.3.jar:?]
	at org.asynchttpclient.Dsl.asyncHttpClient(Dsl.java:32) ~[async-http-client-2.12.3.jar:?]
	at org.openqa.selenium.remote.http.netty.NettyClient.createHttpClient(NettyClient.java:93) ~[selenium-remote-driver-4.4.0.jar:?]
	at org.openqa.selenium.remote.http.netty.NettyClient.<clinit>(NettyClient.java:47) ~[selenium-remote-driver-4.4.0.jar:?]
	at org.openqa.selenium.remote.http.netty.NettyClient$Factory.createClient(NettyClient.java:134) ~[selenium-remote-driver-4.4.0.jar:?]
	at org.openqa.selenium.remote.HttpCommandExecutor.<init>(HttpCommandExecutor.java:107) ~[selenium-remote-driver-4.4.0.jar:?]
	at org.openqa.selenium.remote.HttpCommandExecutor.<init>(HttpCommandExecutor.java:94) ~[selenium-remote-driver-4.4.0.jar:?]
	at org.openqa.selenium.remote.HttpCommandExecutor.<init>(HttpCommandExecutor.java:85) ~[selenium-remote-driver-4.4.0.jar:?]
	at org.openqa.selenium.remote.service.DriverCommandExecutor.<init>(DriverCommandExecutor.java:80) ~[selenium-remote-driver-4.4.0.jar:?]
	at org.openqa.selenium.chromium.ChromiumDriverCommandExecutor.<init>(ChromiumDriverCommandExecutor.java:35) ~[selenium-chromium-driver-4.4.0.jar:?]
	at org.openqa.selenium.chrome.ChromeDriver$ChromeDriverCommandExecutor.<init>(ChromeDriver.java:93) ~[selenium-chrome-driver-4.4.0.jar:?]
	at org.openqa.selenium.chrome.ChromeDriver.<init>(ChromeDriver.java:81) ~[selenium-chrome-driver-4.4.0.jar:?]
	at org.openqa.selenium.chrome.ChromeDriver.<init>(ChromeDriver.java:49) ~[selenium-chrome-driver-4.4.0.jar:?]
	at utilities.Driver.getDriver(Driver.java:49) ~[test-classes/:?]
	at pages.US04.<init>(US04.java:12) ~[test-classes/:?]
	at tests.day23.US0406.<init>(US0406.java:10) ~[test-classes/:?]
	at jdk.internal.reflect.DirectConstructorHandleAccessor.newInstance(DirectConstructorHandleAccessor.java:67) ~[?:?]
	at java.lang.reflect.Constructor.newInstanceWithCaller(Constructor.java:499) ~[?:?]
	at java.lang.reflect.Constructor.newInstance(Constructor.java:483) ~[?:?]
	at org.testng.internal.objects.InstanceCreator.newInstance(InstanceCreator.java:38) ~[testng-7.5.jar:7.5]
	at org.testng.ITestObjectFactory.newInstance(ITestObjectFactory.java:18) ~[testng-7.5.jar:7.5]
	at org.testng.internal.objects.SimpleObjectDispenser.instantiateUsingDefaultConstructor(SimpleObjectDispenser.java:178) ~[testng-7.5.jar:7.5]
	at org.testng.internal.objects.SimpleObjectDispenser.createInstance(SimpleObjectDispenser.java:87) ~[testng-7.5.jar:7.5]
	at org.testng.internal.objects.SimpleObjectDispenser.dispense(SimpleObjectDispenser.java:40) ~[testng-7.5.jar:7.5]
	at org.testng.internal.objects.GuiceBasedObjectDispenser.dispense(GuiceBasedObjectDispenser.java:28) ~[testng-7.5.jar:7.5]
	at org.testng.internal.ClassImpl.getDefaultInstance(ClassImpl.java:106) ~[testng-7.5.jar:7.5]
	at org.testng.internal.ClassImpl.getInstances(ClassImpl.java:136) ~[testng-7.5.jar:7.5]
	at org.testng.TestClass.getInstances(TestClass.java:129) ~[testng-7.5.jar:7.5]
	at org.testng.TestClass.initTestClassesAndInstances(TestClass.java:109) ~[testng-7.5.jar:7.5]
	at org.testng.TestClass.init(TestClass.java:101) ~[testng-7.5.jar:7.5]
	at org.testng.TestClass.<init>(TestClass.java:66) ~[testng-7.5.jar:7.5]
	at org.testng.TestRunner.initMethods(TestRunner.java:465) ~[testng-7.5.jar:7.5]
	at org.testng.TestRunner.init(TestRunner.java:333) ~[testng-7.5.jar:7.5]
	at org.testng.TestRunner.init(TestRunner.java:286) ~[testng-7.5.jar:7.5]
	at org.testng.TestRunner.<init>(TestRunner.java:176) ~[testng-7.5.jar:7.5]
	at org.testng.SuiteRunner$DefaultTestRunnerFactory.newTestRunner(SuiteRunner.java:635) ~[testng-7.5.jar:7.5]
	at org.testng.SuiteRunner.init(SuiteRunner.java:221) ~[testng-7.5.jar:7.5]
	at org.testng.SuiteRunner.<init>(SuiteRunner.java:114) ~[testng-7.5.jar:7.5]
	at org.testng.TestNG.createSuiteRunner(TestNG.java:1342) ~[testng-7.5.jar:7.5]
	at org.testng.TestNG.createSuiteRunners(TestNG.java:1318) ~[testng-7.5.jar:7.5]
	at org.testng.TestNG.runSuitesLocally(TestNG.java:1160) ~[testng-7.5.jar:7.5]
	at org.testng.TestNG.runSuites(TestNG.java:1092) ~[testng-7.5.jar:7.5]
	at org.testng.TestNG.run(TestNG.java:1060) ~[testng-7.5.jar:7.5]
	at com.intellij.rt.testng.IDEARemoteTestNG.run(IDEARemoteTestNG.java:66) ~[testng-rt.jar:?]
	at com.intellij.rt.testng.RemoteTestNGStarter.main(RemoteTestNGStarter.java:109) ~[testng-rt.jar:?]
